<?xml version="1.0" encoding="UTF-8"?>
<!-- Generated by org.testng.reporters.JUnitReportReporter -->
<testsuite hostname="GAURAV-DUBEY" failures="0" tests="2" name="genericUtils.BaseClass" time="0.020" errors="0" timestamp="2024-01-11T22:13:18 IST" skipped="0">
  <testcase classname="genericUtils.BaseClass" name="test2" time="0.007"/>
  <testcase classname="genericUtils.BaseClass" name="test1" time="0.013"/>
</testsuite> <!-- genericUtils.BaseClass -->
